<?xml version="1.0" encoding="UTF-8"?>
<!-- Generated by org.testng.reporters.JUnitReportReporter -->
<testsuite hostname="CTSL023" name="Introduction.StreamExample" tests="2" failures="0" timestamp="2 Jul 2021 11:57:28 GMT" time="0.037" errors="0">
  <testcase name="usingStream" time="0.019" classname="Introduction.StreamExample"/>
  <testcase name="arrayList" time="0.018" classname="Introduction.StreamExample"/>
</testsuite> <!-- Introduction.StreamExample -->
