<?xml version="1.0" encoding="UTF-8"?>
<!-- Generated by org.testng.reporters.JUnitReportReporter -->
<testsuite hostname="CTSL023" name="Introduction.StreamExample2" tests="1" failures="0" timestamp="2 Jul 2021 12:07:02 GMT" time="0.017" errors="0">
  <testcase name="streamtesting" time="0.017" classname="Introduction.StreamExample2"/>
</testsuite> <!-- Introduction.StreamExample2 -->
