<?xml version="1.0" encoding="UTF-8"?>
<!-- Generated by org.testng.reporters.JUnitReportReporter -->
<testsuite skipped="0" hostname="CTSL023" name="ExtendReportRShetty.ExtendReportByRShetty.ExtendReportPhase1Test" tests="2" failures="0" timestamp="2021-08-24T16:00:16 IST" time="11.367" errors="0">
  <testcase name="TCase1" time="4.913" classname="ExtendReportRShetty.ExtendReportByRShetty.ExtendReportPhase1Test"/>
  <system-out/>
  <testcase name="TCase" time="6.454" classname="ExtendReportRShetty.ExtendReportByRShetty.ExtendReportPhase1Test"/>
  <system-out/>
</testsuite> <!-- ExtendReportRShetty.ExtendReportByRShetty.ExtendReportPhase1Test -->
