<?xml version="1.0" encoding="UTF-8"?>
<!-- Generated by org.testng.reporters.JUnitReportReporter -->
<testsuite skipped="0" hostname="CTSL023" name="frameworkDesign.VerifyContact" tests="1" failures="0" timestamp="2021-08-30T09:29:16 IST" time="13.890" errors="0">
  <testcase name="VerifyContactMenu" time="13.890" classname="frameworkDesign.VerifyContact"/>
  <system-out/>
</testsuite> <!-- frameworkDesign.VerifyContact -->
