<?xml version="1.0" encoding="UTF-8"?>
<!-- Generated by org.testng.reporters.JUnitReportReporter -->
<testsuite skipped="0" hostname="CTSL023" name="frameworkDesign.HomePage" tests="3" failures="0" timestamp="2021-09-17T18:25:45 IST" time="11.321" errors="0">
  <testcase name="UserLoginVerification" time="5.057" classname="frameworkDesign.HomePage"/>
  <system-out/>
  <testcase name="UserLoginVerification" time="3.061" classname="frameworkDesign.HomePage"/>
  <system-out/>
  <testcase name="UserLoginVerification" time="3.203" classname="frameworkDesign.HomePage"/>
  <system-out/>
</testsuite> <!-- frameworkDesign.HomePage -->
