<?xml version="1.0" encoding="UTF-8"?>
<!-- Generated by org.testng.reporters.JUnitReportReporter -->
<testsuite skipped="0" hostname="CTSL023" name="frameworkDesign.VerifyText" tests="2" failures="0" timestamp="2021-08-30T09:29:16 IST" time="0.637" errors="0">
  <testcase name="verifyText" time="0.582" classname="frameworkDesign.VerifyText"/>
  <system-out/>
  <testcase name="verifyHeader" time="0.055" classname="frameworkDesign.VerifyText"/>
  <system-out/>
</testsuite> <!-- frameworkDesign.VerifyText -->
