<?xml version="1.0" encoding="UTF-8"?>
<!-- Generated by org.testng.reporters.JUnitReportReporter -->
<testsuite skipped="0" hostname="CTSL023" name="TestCases.RediffSignIn" tests="1" failures="0" timestamp="2021-08-19T11:56:45 IST" time="17.255" errors="0">
  <testcase name="LoginTestCase" time="17.255" classname="TestCases.RediffSignIn"/>
  <system-out/>
</testsuite> <!-- TestCases.RediffSignIn -->
