<?xml version="1.0" encoding="UTF-8"?>
<!-- Generated by org.testng.reporters.JUnitReportReporter -->
<testsuite skipped="0" hostname="CTSL023" name="RShetyMaven.APITest" tests="2" failures="0" timestamp="2021-08-12T13:16:50 IST" time="0.006" errors="0">
  <testcase name="APIBrowserAutomation" time="0.003" classname="RShetyMaven.APITest"/>
  <system-out/>
  <testcase name="APIElementTest" time="0.003" classname="RShetyMaven.APITest"/>
  <system-out/>
</testsuite> <!-- RShetyMaven.APITest -->
