<?xml version="1.0" encoding="UTF-8"?>
<!-- Generated by org.testng.reporters.JUnitReportReporter -->
<testsuite skipped="0" hostname="CTSL023" name="RShetyMaven.AppiumTest" tests="2" failures="0" timestamp="2021-08-12T13:16:50 IST" time="0.016" errors="0">
  <testcase name="appiumElementTest" time="0.005" classname="RShetyMaven.AppiumTest"/>
  <system-out/>
  <testcase name="appiumBrowserAutomation" time="0.011" classname="RShetyMaven.AppiumTest"/>
  <system-out/>
</testsuite> <!-- RShetyMaven.AppiumTest -->
