<?xml version="1.0" encoding="UTF-8"?>
<!-- Generated by org.testng.reporters.JUnitReportReporter -->
<testsuite skipped="0" hostname="CTSL023" name="RShetyMaven.SeleniumTest" tests="2" failures="0" timestamp="2021-08-12T13:16:50 IST" time="0.011" errors="0">
  <testcase name="seleniumElementTest" time="0.007" classname="RShetyMaven.SeleniumTest"/>
  <system-out/>
  <testcase name="selniumBrowserAutomation" time="0.004" classname="RShetyMaven.SeleniumTest"/>
  <system-out/>
</testsuite> <!-- RShetyMaven.SeleniumTest -->
