<?xml version="1.0" encoding="UTF-8"?>
<!-- Generated by org.testng.reporters.JUnitReportReporter -->
<testsuite skipped="0" hostname="CTSL023" name="FramewordDesign.HomePage" tests="3" failures="0" timestamp="2021-08-26T10:34:44 IST" time="26.658" errors="0">
  <testcase name="basePageNavigation" time="8.865" classname="FramewordDesign.HomePage"/>
  <system-out/>
  <testcase name="basePageNavigation" time="8.634" classname="FramewordDesign.HomePage"/>
  <system-out/>
  <testcase name="basePageNavigation" time="9.159" classname="FramewordDesign.HomePage"/>
  <system-out/>
</testsuite> <!-- FramewordDesign.HomePage -->
