<?xml version="1.0" encoding="UTF-8"?>
<!-- Generated by org.testng.reporters.JUnitReportReporter -->
<testsuite skipped="0" hostname="CTSL023" name="FramewordDesign.VerifyContact" tests="1" failures="0" timestamp="2021-08-26T10:34:44 IST" time="6.965" errors="0">
  <testcase name="basePageNavigation" time="6.965" classname="FramewordDesign.VerifyContact"/>
  <system-out/>
</testsuite> <!-- FramewordDesign.VerifyContact -->
