<?xml version="1.0" encoding="UTF-8"?>
<!-- Generated by org.testng.reporters.JUnitReportReporter -->
<testsuite skipped="0" hostname="CTSL023" name="RShetyMaven.AppiumTest" tests="2" failures="0" timestamp="2021-10-29T16:43:39 IST" time="0.001" errors="0">
  <testcase name="appiumElementTest" time="0.001" classname="RShetyMaven.AppiumTest"/>
  <system-out/>
  <testcase name="appiumBrowserAutomation" time="0.000" classname="RShetyMaven.AppiumTest"/>
  <system-out/>
</testsuite> <!-- RShetyMaven.AppiumTest -->
