<?xml version="1.0" encoding="UTF-8"?>
<!-- Generated by org.testng.reporters.JUnitReportReporter -->
<testsuite skipped="0" hostname="CTSL023" name="RShetyMaven.TestJmeter" tests="2" failures="0" timestamp="2021-09-01T14:55:51 IST" time="0.000" errors="0">
  <testcase name="jmeterBrowserAutomation" time="0.000" classname="RShetyMaven.TestJmeter"/>
  <system-out/>
  <testcase name="jmeterseleniumElementTest" time="0.000" classname="RShetyMaven.TestJmeter"/>
  <system-out/>
</testsuite> <!-- RShetyMaven.TestJmeter -->
