<?xml version="1.0" encoding="UTF-8"?>
<!-- Generated by org.testng.reporters.JUnitReportReporter -->
<testsuite skipped="0" hostname="CTSL023" name="RShetyMaven.APITest" tests="2" failures="0" timestamp="2021-10-29T16:43:39 IST" time="0.010" errors="0">
  <testcase name="APIElementTest" time="0.000" classname="RShetyMaven.APITest"/>
  <system-out/>
  <testcase name="APIBrowserAutomation" time="0.010" classname="RShetyMaven.APITest"/>
  <system-out/>
</testsuite> <!-- RShetyMaven.APITest -->
