<?xml version="1.0" encoding="UTF-8"?>
<!-- Generated by org.testng.reporters.JUnitReportReporter -->
<testsuite skipped="0" hostname="CTSL023" name="FramewordDesign.HomePage" tests="3" failures="0" timestamp="2021-08-22T00:18:16 IST" time="17.728" errors="0">
  <testcase name="basePageNavigation" time="6.879" classname="FramewordDesign.HomePage"/>
  <system-out/>
  <testcase name="basePageNavigation" time="4.597" classname="FramewordDesign.HomePage"/>
  <system-out/>
  <testcase name="basePageNavigation" time="6.252" classname="FramewordDesign.HomePage"/>
  <system-out/>
</testsuite> <!-- FramewordDesign.HomePage -->
