<?xml version="1.0" encoding="UTF-8"?>
<!-- Generated by org.testng.reporters.JUnitReportReporter -->
<testsuite skipped="0" hostname="CTSL023" name="frameworkDesign.HomePage" tests="3" failures="0" timestamp="2021-09-20T10:31:16 IST" time="18.755" errors="0">
  <testcase name="UserLoginVerification" time="3.529" classname="frameworkDesign.HomePage"/>
  <system-out/>
  <testcase name="UserLoginVerification" time="10.738" classname="frameworkDesign.HomePage"/>
  <system-out/>
  <testcase name="UserLoginVerification" time="4.488" classname="frameworkDesign.HomePage"/>
  <system-out/>
</testsuite> <!-- frameworkDesign.HomePage -->
