<?xml version="1.0" encoding="UTF-8"?>
<!-- Generated by org.testng.reporters.JUnitReportReporter -->
<testsuite skipped="0" hostname="CTSL023" name="frameworkDesign.VerifyContact" tests="1" failures="0" timestamp="2021-09-20T10:31:16 IST" time="7.376" errors="0">
  <testcase name="VerifyContactMenu" time="7.376" classname="frameworkDesign.VerifyContact"/>
  <system-out/>
</testsuite> <!-- frameworkDesign.VerifyContact -->
