<?xml version="1.0" encoding="UTF-8"?>
<!-- Generated by org.testng.reporters.JUnitReportReporter -->
<testsuite skipped="0" hostname="CTSL023" name="FramewordDesign.VerifyText" tests="1" failures="0" timestamp="2021-08-22T00:18:16 IST" time="2.742" errors="0">
  <testcase name="basePageNavigation" time="2.742" classname="FramewordDesign.VerifyText"/>
  <system-out/>
</testsuite> <!-- FramewordDesign.VerifyText -->
