<?xml version="1.0" encoding="UTF-8"?>
<!-- Generated by org.testng.reporters.JUnitReportReporter -->
<testsuite skipped="0" hostname="CTSL023" name="TestNGPractice.SampleThree" tests="11" failures="0" timestamp="2021-08-01T23:45:40 IST" time="0.012" errors="0">
  <testcase name="super11" time="0.001" classname="TestNGPractice.SampleThree"/>
  <system-out/>
  <testcase name="jamie" time="0.001" classname="TestNGPractice.SampleThree"/>
  <system-out/>
  <testcase name="super11" time="0.002" classname="TestNGPractice.SampleThree"/>
  <system-out/>
  <testcase name="super11" time="0.001" classname="TestNGPractice.SampleThree"/>
  <system-out/>
  <testcase name="super12" time="0.001" classname="TestNGPractice.SampleThree"/>
  <system-out/>
  <testcase name="super13" time="0.001" classname="TestNGPractice.SampleThree"/>
  <system-out/>
  <testcase name="paresh" time="0.000" classname="TestNGPractice.SampleThree"/>
  <system-out/>
  <testcase name="john" time="0.001" classname="TestNGPractice.SampleThree"/>
  <system-out/>
  <testcase name="ashish" time="0.001" classname="TestNGPractice.SampleThree"/>
  <system-out/>
  <testcase name="super12" time="0.002" classname="TestNGPractice.SampleThree"/>
  <system-out/>
  <testcase name="super13" time="0.001" classname="TestNGPractice.SampleThree"/>
  <system-out/>
</testsuite> <!-- TestNGPractice.SampleThree -->
