<?xml version="1.0" encoding="UTF-8"?>
<!-- Generated by org.testng.reporters.JUnitReportReporter -->
<testsuite skipped="0" hostname="CTSL023" name="DataProviderExample.ParrellelExecution2" tests="4" failures="0" timestamp="2021-08-02T14:59:56 IST" time="0.011" errors="0">
  <testcase name="era2" time="0.004" classname="DataProviderExample.ParrellelExecution2"/>
  <system-out/>
  <testcase name="ross2" time="0.003" classname="DataProviderExample.ParrellelExecution2"/>
  <system-out/>
  <testcase name="pyara2" time="0.001" classname="DataProviderExample.ParrellelExecution2"/>
  <system-out/>
  <testcase name="tera2" time="0.003" classname="DataProviderExample.ParrellelExecution2"/>
  <system-out/>
</testsuite> <!-- DataProviderExample.ParrellelExecution2 -->
