<?xml version="1.0" encoding="UTF-8"?>
<!-- Generated by org.testng.reporters.JUnitReportReporter -->
<testsuite skipped="0" hostname="CTSL023" name="TestNGPractice.SampleOne" tests="6" failures="0" timestamp="2021-08-01T23:45:40 IST" time="0.021" errors="0">
  <testcase name="ganesh" time="0.002" classname="TestNGPractice.SampleOne"/>
  <system-out/>
  <testcase name="sampleTwo" time="0.011" classname="TestNGPractice.SampleOne"/>
  <system-out/>
  <testcase name="smith" time="0.002" classname="TestNGPractice.SampleOne"/>
  <system-out/>
  <testcase name="methodOneSameOne" time="0.002" classname="TestNGPractice.SampleOne"/>
  <system-out/>
  <testcase name="method" time="0.002" classname="TestNGPractice.SampleOne"/>
  <system-out/>
  <testcase name="harshal" time="0.002" classname="TestNGPractice.SampleOne"/>
  <system-out/>
</testsuite> <!-- TestNGPractice.SampleOne -->
