<?xml version="1.0" encoding="UTF-8"?>
<!-- Generated by org.testng.reporters.JUnitReportReporter -->
<testsuite skipped="0" hostname="CTSL023" name="TestNGPracticeOne.SampleSix" tests="4" failures="0" timestamp="2021-08-01T23:19:00 IST" time="0.015" errors="0">
  <testcase name="ui" time="0.002" classname="TestNGPracticeOne.SampleSix"/>
  <system-out/>
  <testcase name="two" time="0.006" classname="TestNGPracticeOne.SampleSix"/>
  <system-out/>
  <testcase name="three" time="0.004" classname="TestNGPracticeOne.SampleSix"/>
  <system-out/>
  <testcase name="four" time="0.003" classname="TestNGPracticeOne.SampleSix"/>
  <system-out/>
</testsuite> <!-- TestNGPracticeOne.SampleSix -->
