<?xml version="1.0" encoding="UTF-8"?>
<!-- Generated by org.testng.reporters.JUnitReportReporter -->
<testsuite skipped="0" hostname="CTSL023" name="TestNGPractice.SampleTwo" tests="5" failures="0" timestamp="2021-08-01T23:45:40 IST" time="0.005" errors="0">
  <testcase name="methodOneSameOne" time="0.001" classname="TestNGPractice.SampleTwo"/>
  <system-out/>
  <testcase name="paisa" time="0.001" classname="TestNGPractice.SampleTwo"/>
  <system-out/>
  <testcase name="sampleTwoMethod2" time="0.001" classname="TestNGPractice.SampleTwo"/>
  <system-out/>
  <testcase name="babul" time="0.001" classname="TestNGPractice.SampleTwo"/>
  <system-out/>
  <testcase name="marshal" time="0.001" classname="TestNGPractice.SampleTwo"/>
  <system-out/>
</testsuite> <!-- TestNGPractice.SampleTwo -->
