<?xml version="1.0" encoding="UTF-8"?>
<!-- Generated by org.testng.reporters.JUnitReportReporter -->
<testsuite skipped="0" hostname="CTSL023" name="DataProviderExample.ParrellelExecution" tests="4" failures="0" timestamp="2021-08-02T14:59:56 IST" time="0.013" errors="0">
  <testcase name="ross" time="0.002" classname="DataProviderExample.ParrellelExecution"/>
  <system-out/>
  <testcase name="era" time="0.008" classname="DataProviderExample.ParrellelExecution"/>
  <system-out/>
  <testcase name="pyara" time="0.001" classname="DataProviderExample.ParrellelExecution"/>
  <system-out/>
  <testcase name="tera" time="0.002" classname="DataProviderExample.ParrellelExecution"/>
  <system-out/>
</testsuite> <!-- DataProviderExample.ParrellelExecution -->
