<?xml version="1.0" encoding="UTF-8"?>
<!-- Generated by org.testng.reporters.JUnitReportReporter -->
<testsuite skipped="0" hostname="CTSL023" name="TestNGPractice.SampleFive" tests="6" failures="0" timestamp="2021-08-01T23:45:40 IST" time="0.010" errors="0">
  <testcase name="mahape" time="0.001" classname="TestNGPractice.SampleFive"/>
  <system-out/>
  <testcase name="vadala" time="0.001" classname="TestNGPractice.SampleFive"/>
  <system-out/>
  <testcase name="airoli" time="0.001" classname="TestNGPractice.SampleFive"/>
  <system-out/>
  <testcase name="nerul" time="0.003" classname="TestNGPractice.SampleFive"/>
  <system-out/>
  <testcase name="vashi" time="0.002" classname="TestNGPractice.SampleFive"/>
  <system-out/>
  <testcase name="badboys" time="0.002" classname="TestNGPractice.SampleFive"/>
  <system-out/>
</testsuite> <!-- TestNGPractice.SampleFive -->
