<?xml version="1.0" encoding="UTF-8"?>
<!-- Generated by org.testng.reporters.JUnitReportReporter -->
<testsuite skipped="0" hostname="CTSL023" name="TestNGPracticeOne.SampleSeven" tests="4" failures="0" timestamp="2021-08-01T23:18:41 IST" time="0.014" errors="0">
  <testcase name="era" time="0.008" classname="TestNGPracticeOne.SampleSeven"/>
  <system-out/>
  <testcase name="pyara" time="0.001" classname="TestNGPracticeOne.SampleSeven"/>
  <system-out/>
  <testcase name="tera" time="0.002" classname="TestNGPracticeOne.SampleSeven"/>
  <system-out/>
  <testcase name="ross" time="0.003" classname="TestNGPracticeOne.SampleSeven"/>
  <system-out/>
</testsuite> <!-- TestNGPracticeOne.SampleSeven -->
