<?xml version="1.0" encoding="UTF-8"?>
<!-- Generated by org.testng.reporters.JUnitReportReporter -->
<testsuite skipped="0" hostname="CTSL023" name="DataProviderExample.DataProvideTesting" tests="4" failures="0" timestamp="2021-08-02T15:09:37 IST" time="0.016" errors="0">
  <testcase name="three" time="0.010" classname="DataProviderExample.DataProvideTesting"/>
  <system-out/>
  <testcase name="four" time="0.002" classname="DataProviderExample.DataProvideTesting"/>
  <system-out/>
  <testcase name="four" time="0.002" classname="DataProviderExample.DataProvideTesting"/>
  <system-out/>
  <testcase name="four" time="0.002" classname="DataProviderExample.DataProvideTesting"/>
  <system-out/>
</testsuite> <!-- DataProviderExample.DataProvideTesting -->
