<?xml version="1.0" encoding="UTF-8"?>
<!-- Generated by org.testng.reporters.JUnitReportReporter -->
<testsuite skipped="1" hostname="CTSL023" name="TestNGPractice.SampleFour" tests="3" failures="0" timestamp="2021-08-01T23:45:40 IST" time="0.005" errors="0">
  <testcase name="shivshambho" time="0.003" classname="TestNGPractice.SampleFour"/>
  <system-out/>
  <testcase name="oneshivshambho" time="0.002" classname="TestNGPractice.SampleFour"/>
  <system-out/>
  <testcase name="royal" classname="TestNGPractice.SampleFour">
    <skipped/>
  </testcase> <!-- royal -->
  <system-out/>
</testsuite> <!-- TestNGPractice.SampleFour -->
